<?xml version="1.0" encoding="UTF-8"?>
<testsuite xmlns:xsi="http://www.w3.org/2001/XMLSchema-instance" xsi:noNamespaceSchemaLocation="https://maven.apache.org/surefire/maven-surefire-plugin/xsd/surefire-test-report-3.0.xsd" version="3.0" name="com.gdb.tests.services.TransactionServiceTest" time="1.149" tests="30" errors="3" skipped="0" failures="18">
  <properties>
[...]
</properties>
  <testcase name="TestTransfer_FromAccountNotFound" classname="com.gdb.tests.services.TransactionServiceTest" time="0.519">
    <failure message="Expected com.gdb.exceptions.AccountRecordNotFoundException to be thrown, but nothing was thrown." type="org.opentest4j.AssertionFailedError"><![CDATA[org.opentest4j.AssertionFailedError: Expected com.gdb.exceptions.AccountRecordNotFoundException to be thrown, but nothing was thrown.
	at org.junit.jupiter.api.AssertionFailureBuilder.build(AssertionFailureBuilder.java:152)
	at org.junit.jupiter.api.AssertThrows.assertThrows(AssertThrows.java:73)
	at org.junit.jupiter.api.AssertThrows.assertThrows(AssertThrows.java:35)
	at org.junit.jupiter.api.Assertions.assertThrows(Assertions.java:3128)
	at com.gdb.tests.services.TransactionServiceTest.TestTransfer_FromAccountNotFound(TransactionServiceTest.java:87)
	at java.base/java.lang.reflect.Method.invoke(Method.java:580)
	at java.base/java.util.ArrayList.forEach(ArrayList.java:1596)
	at java.base/java.util.ArrayList.forEach(ArrayList.java:1596)
]]></failure>
  </testcase>
  <testcase name="TestCheckSufficientFunds_Enough" classname="com.gdb.tests.services.TransactionServiceTest" time="0.024"/>
  <testcase name="TestShouldWarnMinimumBalance_ExactlyAtMin" classname="com.gdb.tests.services.TransactionServiceTest" time="0.028"/>
  <testcase name="TestWithdraw_AccountNotFound" classname="com.gdb.tests.services.TransactionServiceTest" time="0.016">
    <failure message="Expected com.gdb.exceptions.AccountRecordNotFoundException to be thrown, but nothing was thrown." type="org.opentest4j.AssertionFailedError"><![CDATA[org.opentest4j.AssertionFailedError: Expected com.gdb.exceptions.AccountRecordNotFoundException to be thrown, but nothing was thrown.
	at org.junit.jupiter.api.AssertionFailureBuilder.build(AssertionFailureBuilder.java:152)
	at org.junit.jupiter.api.AssertThrows.assertThrows(AssertThrows.java:73)
	at org.junit.jupiter.api.AssertThrows.assertThrows(AssertThrows.java:35)
	at org.junit.jupiter.api.Assertions.assertThrows(Assertions.java:3128)
	at com.gdb.tests.services.TransactionServiceTest.TestWithdraw_AccountNotFound(TransactionServiceTest.java:193)
	at java.base/java.lang.reflect.Method.invoke(Method.java:580)
	at java.base/java.util.ArrayList.forEach(ArrayList.java:1596)
	at java.base/java.util.ArrayList.forEach(ArrayList.java:1596)
]]></failure>
  </testcase>
  <testcase name="TestCheckSufficientFunds_ExactlyEnough" classname="com.gdb.tests.services.TransactionServiceTest" time="0.009"/>
  <testcase name="TestWithdraw_AccountNotActive" classname="com.gdb.tests.services.TransactionServiceTest" time="0.018">
    <failure message="Expected com.gdb.exceptions.AccountNotActiveException to be thrown, but nothing was thrown." type="org.opentest4j.AssertionFailedError"><![CDATA[org.opentest4j.AssertionFailedError: Expected com.gdb.exceptions.AccountNotActiveException to be thrown, but nothing was thrown.
	at org.junit.jupiter.api.AssertionFailureBuilder.build(AssertionFailureBuilder.java:152)
	at org.junit.jupiter.api.AssertThrows.assertThrows(AssertThrows.java:73)
	at org.junit.jupiter.api.AssertThrows.assertThrows(AssertThrows.java:35)
	at org.junit.jupiter.api.Assertions.assertThrows(Assertions.java:3128)
	at com.gdb.tests.services.TransactionServiceTest.TestWithdraw_AccountNotActive(TransactionServiceTest.java:203)
	at java.base/java.lang.reflect.Method.invoke(Method.java:580)
	at java.base/java.util.ArrayList.forEach(ArrayList.java:1596)
	at java.base/java.util.ArrayList.forEach(ArrayList.java:1596)
]]></failure>
  </testcase>
  <testcase name="TestWithdraw_ZeroAmount" classname="com.gdb.tests.services.TransactionServiceTest" time="0.015">
    <error message="&#10;Unnecessary stubbings detected.&#10;Clean &amp; maintainable test code requires zero unnecessary code.&#10;Following stubbings are unnecessary (click to navigate to relevant line of code):&#10;  1. -&gt; at com.gdb.tests.services.TransactionServiceTest.TestWithdraw_ZeroAmount(TransactionServiceTest.java:239)&#10;Please remove unnecessary stubbings or use &apos;lenient&apos; strictness. More info: javadoc for UnnecessaryStubbingException class." type="org.mockito.exceptions.misusing.UnnecessaryStubbingException"><![CDATA[org.mockito.exceptions.misusing.UnnecessaryStubbingException: 

Unnecessary stubbings detected.
Clean & maintainable test code requires zero unnecessary code.
Following stubbings are unnecessary (click to navigate to relevant line of code):
  1. -> at com.gdb.tests.services.TransactionServiceTest.TestWithdraw_ZeroAmount(TransactionServiceTest.java:239)
Please remove unnecessary stubbings or use 'lenient' strictness. More info: javadoc for UnnecessaryStubbingException class.
	at org.mockito.junit.jupiter.MockitoExtension.lambda$afterEach$2(MockitoExtension.java:200)
	at java.base/java.util.Optional.ifPresent(Optional.java:178)
	at org.mockito.junit.jupiter.MockitoExtension.afterEach(MockitoExtension.java:198)
	at java.base/java.util.ArrayList.forEach(ArrayList.java:1596)
	at java.base/java.util.ArrayList.forEach(ArrayList.java:1596)
]]></error>
  </testcase>
  <testcase name="TestTransfer_ZeroAmount" classname="com.gdb.tests.services.TransactionServiceTest" time="0.019">
    <error message="&#10;Unnecessary stubbings detected.&#10;Clean &amp; maintainable test code requires zero unnecessary code.&#10;Following stubbings are unnecessary (click to navigate to relevant line of code):&#10;  1. -&gt; at com.gdb.tests.services.TransactionServiceTest.TestTransfer_ZeroAmount(TransactionServiceTest.java:163)&#10;  2. -&gt; at com.gdb.tests.services.TransactionServiceTest.TestTransfer_ZeroAmount(TransactionServiceTest.java:164)&#10;Please remove unnecessary stubbings or use &apos;lenient&apos; strictness. More info: javadoc for UnnecessaryStubbingException class." type="org.mockito.exceptions.misusing.UnnecessaryStubbingException"><![CDATA[org.mockito.exceptions.misusing.UnnecessaryStubbingException: 

Unnecessary stubbings detected.
Clean & maintainable test code requires zero unnecessary code.
Following stubbings are unnecessary (click to navigate to relevant line of code):
  1. -> at com.gdb.tests.services.TransactionServiceTest.TestTransfer_ZeroAmount(TransactionServiceTest.java:163)
  2. -> at com.gdb.tests.services.TransactionServiceTest.TestTransfer_ZeroAmount(TransactionServiceTest.java:164)
Please remove unnecessary stubbings or use 'lenient' strictness. More info: javadoc for UnnecessaryStubbingException class.
	at org.mockito.junit.jupiter.MockitoExtension.lambda$afterEach$2(MockitoExtension.java:200)
	at java.base/java.util.Optional.ifPresent(Optional.java:178)
	at org.mockito.junit.jupiter.MockitoExtension.afterEach(MockitoExtension.java:198)
	at java.base/java.util.ArrayList.forEach(ArrayList.java:1596)
	at java.base/java.util.ArrayList.forEach(ArrayList.java:1596)
]]></error>
  </testcase>
  <testcase name="TestTransfer_FromAccountNotActive" classname="com.gdb.tests.services.TransactionServiceTest" time="0.025">
    <failure message="Expected com.gdb.exceptions.AccountNotActiveException to be thrown, but nothing was thrown." type="org.opentest4j.AssertionFailedError"><![CDATA[org.opentest4j.AssertionFailedError: Expected com.gdb.exceptions.AccountNotActiveException to be thrown, but nothing was thrown.
	at org.junit.jupiter.api.AssertionFailureBuilder.build(AssertionFailureBuilder.java:152)
	at org.junit.jupiter.api.AssertThrows.assertThrows(AssertThrows.java:73)
	at org.junit.jupiter.api.AssertThrows.assertThrows(AssertThrows.java:35)
	at org.junit.jupiter.api.Assertions.assertThrows(Assertions.java:3128)
	at com.gdb.tests.services.TransactionServiceTest.TestTransfer_FromAccountNotActive(TransactionServiceTest.java:111)
	at java.base/java.lang.reflect.Method.invoke(Method.java:580)
	at java.base/java.util.ArrayList.forEach(ArrayList.java:1596)
	at java.base/java.util.ArrayList.forEach(ArrayList.java:1596)
]]></failure>
  </testcase>
  <testcase name="TestTransfer_Success" classname="com.gdb.tests.services.TransactionServiceTest" time="0.035">
    <failure message="&#10;Wanted but not invoked:&#10;transactionLogService.logTransfer(&#10;    &lt;any com.gdb.models.FundTransfer&gt;,&#10;    &lt;any double&gt;,&#10;    &lt;any double&gt;&#10;);&#10;-&gt; at com.gdb.services.TransactionLogService.logTransfer(TransactionLogService.java:19)&#10;Actually, there were zero interactions with this mock.&#10;" type="Wanted but not invoked"><![CDATA[Wanted but not invoked:
transactionLogService.logTransfer(
    <any com.gdb.models.FundTransfer>,
    <any double>,
    <any double>
);
-> at com.gdb.services.TransactionLogService.logTransfer(TransactionLogService.java:19)
Actually, there were zero interactions with this mock.

	at com.gdb.services.TransactionLogService.logTransfer(TransactionLogService.java:19)
	at com.gdb.tests.services.TransactionServiceTest.TestTransfer_Success(TransactionServiceTest.java:77)
	at java.base/java.lang.reflect.Method.invoke(Method.java:580)
	at java.base/java.util.ArrayList.forEach(ArrayList.java:1596)
	at java.base/java.util.ArrayList.forEach(ArrayList.java:1596)
]]></failure>
  </testcase>
  <testcase name="TestWithdraw_InsufficientFunds" classname="com.gdb.tests.services.TransactionServiceTest" time="0.015">
    <failure message="Expected com.gdb.exceptions.InsufficientFundsException to be thrown, but nothing was thrown." type="org.opentest4j.AssertionFailedError"><![CDATA[org.opentest4j.AssertionFailedError: Expected com.gdb.exceptions.InsufficientFundsException to be thrown, but nothing was thrown.
	at org.junit.jupiter.api.AssertionFailureBuilder.build(AssertionFailureBuilder.java:152)
	at org.junit.jupiter.api.AssertThrows.assertThrows(AssertThrows.java:73)
	at org.junit.jupiter.api.AssertThrows.assertThrows(AssertThrows.java:35)
	at org.junit.jupiter.api.Assertions.assertThrows(Assertions.java:3128)
	at com.gdb.tests.services.TransactionServiceTest.TestWithdraw_InsufficientFunds(TransactionServiceTest.java:221)
	at java.base/java.lang.reflect.Method.invoke(Method.java:580)
	at java.base/java.util.ArrayList.forEach(ArrayList.java:1596)
	at java.base/java.util.ArrayList.forEach(ArrayList.java:1596)
]]></failure>
  </testcase>
  <testcase name="TestTransfer_IncorrectPin" classname="com.gdb.tests.services.TransactionServiceTest" time="0.015">
    <failure message="Expected com.gdb.exceptions.IncorrectPinNumberException to be thrown, but nothing was thrown." type="org.opentest4j.AssertionFailedError"><![CDATA[org.opentest4j.AssertionFailedError: Expected com.gdb.exceptions.IncorrectPinNumberException to be thrown, but nothing was thrown.
	at org.junit.jupiter.api.AssertionFailureBuilder.build(AssertionFailureBuilder.java:152)
	at org.junit.jupiter.api.AssertThrows.assertThrows(AssertThrows.java:73)
	at org.junit.jupiter.api.AssertThrows.assertThrows(AssertThrows.java:35)
	at org.junit.jupiter.api.Assertions.assertThrows(Assertions.java:3128)
	at com.gdb.tests.services.TransactionServiceTest.TestTransfer_IncorrectPin(TransactionServiceTest.java:132)
	at java.base/java.lang.reflect.Method.invoke(Method.java:580)
	at java.base/java.util.ArrayList.forEach(ArrayList.java:1596)
	at java.base/java.util.ArrayList.forEach(ArrayList.java:1596)
]]></failure>
  </testcase>
  <testcase name="TestDeposit_AccountNotActive" classname="com.gdb.tests.services.TransactionServiceTest" time="0.017">
    <failure message="Expected com.gdb.exceptions.AccountNotActiveException to be thrown, but nothing was thrown." type="org.opentest4j.AssertionFailedError"><![CDATA[org.opentest4j.AssertionFailedError: Expected com.gdb.exceptions.AccountNotActiveException to be thrown, but nothing was thrown.
	at org.junit.jupiter.api.AssertionFailureBuilder.build(AssertionFailureBuilder.java:152)
	at org.junit.jupiter.api.AssertThrows.assertThrows(AssertThrows.java:73)
	at org.junit.jupiter.api.AssertThrows.assertThrows(AssertThrows.java:35)
	at org.junit.jupiter.api.Assertions.assertThrows(Assertions.java:3128)
	at com.gdb.tests.services.TransactionServiceTest.TestDeposit_AccountNotActive(TransactionServiceTest.java:394)
	at java.base/java.lang.reflect.Method.invoke(Method.java:580)
	at java.base/java.util.ArrayList.forEach(ArrayList.java:1596)
	at java.base/java.util.ArrayList.forEach(ArrayList.java:1596)
]]></failure>
  </testcase>
  <testcase name="TestDeposit_Success" classname="com.gdb.tests.services.TransactionServiceTest" time="0.018">
    <failure message="&#10;Wanted but not invoked:&#10;transactionLogService.logDeposit(&#10;    &quot;1001&quot;,&#10;    5000.0d,&#10;    &lt;any double&gt;&#10;);&#10;-&gt; at com.gdb.services.TransactionLogService.logDeposit(TransactionLogService.java:48)&#10;Actually, there were zero interactions with this mock.&#10;" type="Wanted but not invoked"><![CDATA[Wanted but not invoked:
transactionLogService.logDeposit(
    "1001",
    5000.0d,
    <any double>
);
-> at com.gdb.services.TransactionLogService.logDeposit(TransactionLogService.java:48)
Actually, there were zero interactions with this mock.

	at com.gdb.services.TransactionLogService.logDeposit(TransactionLogService.java:48)
	at com.gdb.tests.services.TransactionServiceTest.TestDeposit_Success(TransactionServiceTest.java:374)
	at java.base/java.lang.reflect.Method.invoke(Method.java:580)
	at java.base/java.util.ArrayList.forEach(ArrayList.java:1596)
	at java.base/java.util.ArrayList.forEach(ArrayList.java:1596)
]]></failure>
  </testcase>
  <testcase name="TestCheckPinNumber_Correct" classname="com.gdb.tests.services.TransactionServiceTest" time="0.012"/>
  <testcase name="TestWithdraw_Success" classname="com.gdb.tests.services.TransactionServiceTest" time="0.014">
    <failure message="&#10;Wanted but not invoked:&#10;transactionLogService.logWithdraw(&#10;    &quot;1001&quot;,&#10;    5000.0d,&#10;    &lt;any double&gt;&#10;);&#10;-&gt; at com.gdb.services.TransactionLogService.logWithdraw(TransactionLogService.java:42)&#10;Actually, there were zero interactions with this mock.&#10;" type="Wanted but not invoked"><![CDATA[Wanted but not invoked:
transactionLogService.logWithdraw(
    "1001",
    5000.0d,
    <any double>
);
-> at com.gdb.services.TransactionLogService.logWithdraw(TransactionLogService.java:42)
Actually, there were zero interactions with this mock.

	at com.gdb.services.TransactionLogService.logWithdraw(TransactionLogService.java:42)
	at com.gdb.tests.services.TransactionServiceTest.TestWithdraw_Success(TransactionServiceTest.java:183)
	at java.base/java.lang.reflect.Method.invoke(Method.java:580)
	at java.base/java.util.ArrayList.forEach(ArrayList.java:1596)
	at java.base/java.util.ArrayList.forEach(ArrayList.java:1596)
]]></failure>
  </testcase>
  <testcase name="TestWithdraw_LowBalanceWarning" classname="com.gdb.tests.services.TransactionServiceTest" time="0.019">
    <failure message="expected: &lt;true&gt; but was: &lt;false&gt;" type="org.opentest4j.AssertionFailedError"><![CDATA[org.opentest4j.AssertionFailedError: expected: <true> but was: <false>
	at org.junit.jupiter.api.AssertionFailureBuilder.build(AssertionFailureBuilder.java:151)
	at org.junit.jupiter.api.AssertionFailureBuilder.buildAndThrow(AssertionFailureBuilder.java:132)
	at org.junit.jupiter.api.AssertTrue.failNotTrue(AssertTrue.java:63)
	at org.junit.jupiter.api.AssertTrue.assertTrue(AssertTrue.java:36)
	at org.junit.jupiter.api.AssertTrue.assertTrue(AssertTrue.java:31)
	at org.junit.jupiter.api.Assertions.assertTrue(Assertions.java:183)
	at com.gdb.tests.services.TransactionServiceTest.TestWithdraw_LowBalanceWarning(TransactionServiceTest.java:232)
	at java.base/java.lang.reflect.Method.invoke(Method.java:580)
	at java.base/java.util.ArrayList.forEach(ArrayList.java:1596)
	at java.base/java.util.ArrayList.forEach(ArrayList.java:1596)
]]></failure>
  </testcase>
  <testcase name="TestWithdraw_ExactBalance" classname="com.gdb.tests.services.TransactionServiceTest" time="0.014">
    <error message="&#10;Unnecessary stubbings detected.&#10;Clean &amp; maintainable test code requires zero unnecessary code.&#10;Following stubbings are unnecessary (click to navigate to relevant line of code):&#10;  1. -&gt; at com.gdb.tests.services.TransactionServiceTest.TestWithdraw_ExactBalance(TransactionServiceTest.java:251)&#10;Please remove unnecessary stubbings or use &apos;lenient&apos; strictness. More info: javadoc for UnnecessaryStubbingException class." type="org.mockito.exceptions.misusing.UnnecessaryStubbingException"><![CDATA[org.mockito.exceptions.misusing.UnnecessaryStubbingException: 

Unnecessary stubbings detected.
Clean & maintainable test code requires zero unnecessary code.
Following stubbings are unnecessary (click to navigate to relevant line of code):
  1. -> at com.gdb.tests.services.TransactionServiceTest.TestWithdraw_ExactBalance(TransactionServiceTest.java:251)
Please remove unnecessary stubbings or use 'lenient' strictness. More info: javadoc for UnnecessaryStubbingException class.
	at org.mockito.junit.jupiter.MockitoExtension.lambda$afterEach$2(MockitoExtension.java:200)
	at java.base/java.util.Optional.ifPresent(Optional.java:178)
	at org.mockito.junit.jupiter.MockitoExtension.afterEach(MockitoExtension.java:198)
	at java.base/java.util.ArrayList.forEach(ArrayList.java:1596)
	at java.base/java.util.ArrayList.forEach(ArrayList.java:1596)
]]></error>
  </testcase>
  <testcase name="TestCheckTransferLimit_UnderLimit" classname="com.gdb.tests.services.TransactionServiceTest" time="0.032"/>
  <testcase name="TestCheckPinNumber_Incorrect" classname="com.gdb.tests.services.TransactionServiceTest" time="0.013"/>
  <testcase name="TestDeposit_IncorrectPin" classname="com.gdb.tests.services.TransactionServiceTest" time="0.017">
    <failure message="Expected com.gdb.exceptions.IncorrectPinNumberException to be thrown, but nothing was thrown." type="org.opentest4j.AssertionFailedError"><![CDATA[org.opentest4j.AssertionFailedError: Expected com.gdb.exceptions.IncorrectPinNumberException to be thrown, but nothing was thrown.
	at org.junit.jupiter.api.AssertionFailureBuilder.build(AssertionFailureBuilder.java:152)
	at org.junit.jupiter.api.AssertThrows.assertThrows(AssertThrows.java:73)
	at org.junit.jupiter.api.AssertThrows.assertThrows(AssertThrows.java:35)
	at org.junit.jupiter.api.Assertions.assertThrows(Assertions.java:3128)
	at com.gdb.tests.services.TransactionServiceTest.TestDeposit_IncorrectPin(TransactionServiceTest.java:403)
	at java.base/java.lang.reflect.Method.invoke(Method.java:580)
	at java.base/java.util.ArrayList.forEach(ArrayList.java:1596)
	at java.base/java.util.ArrayList.forEach(ArrayList.java:1596)
]]></failure>
  </testcase>
  <testcase name="TestTransfer_ToAccountNotActive" classname="com.gdb.tests.services.TransactionServiceTest" time="0.02">
    <failure message="Expected com.gdb.exceptions.AccountNotActiveException to be thrown, but nothing was thrown." type="org.opentest4j.AssertionFailedError"><![CDATA[org.opentest4j.AssertionFailedError: Expected com.gdb.exceptions.AccountNotActiveException to be thrown, but nothing was thrown.
	at org.junit.jupiter.api.AssertionFailureBuilder.build(AssertionFailureBuilder.java:152)
	at org.junit.jupiter.api.AssertThrows.assertThrows(AssertThrows.java:73)
	at org.junit.jupiter.api.AssertThrows.assertThrows(AssertThrows.java:35)
	at org.junit.jupiter.api.Assertions.assertThrows(Assertions.java:3128)
	at com.gdb.tests.services.TransactionServiceTest.TestTransfer_ToAccountNotActive(TransactionServiceTest.java:122)
	at java.base/java.lang.reflect.Method.invoke(Method.java:580)
	at java.base/java.util.ArrayList.forEach(ArrayList.java:1596)
	at java.base/java.util.ArrayList.forEach(ArrayList.java:1596)
]]></failure>
  </testcase>
  <testcase name="TestShouldWarnMinimumBalance_True" classname="com.gdb.tests.services.TransactionServiceTest" time="0.015"/>
  <testcase name="TestTransfer_InsufficientFunds" classname="com.gdb.tests.services.TransactionServiceTest" time="0.017">
    <failure message="Expected com.gdb.exceptions.InsufficientFundsException to be thrown, but nothing was thrown." type="org.opentest4j.AssertionFailedError"><![CDATA[org.opentest4j.AssertionFailedError: Expected com.gdb.exceptions.InsufficientFundsException to be thrown, but nothing was thrown.
	at org.junit.jupiter.api.AssertionFailureBuilder.build(AssertionFailureBuilder.java:152)
	at org.junit.jupiter.api.AssertThrows.assertThrows(AssertThrows.java:73)
	at org.junit.jupiter.api.AssertThrows.assertThrows(AssertThrows.java:35)
	at org.junit.jupiter.api.Assertions.assertThrows(Assertions.java:3128)
	at com.gdb.tests.services.TransactionServiceTest.TestTransfer_InsufficientFunds(TransactionServiceTest.java:142)
	at java.base/java.lang.reflect.Method.invoke(Method.java:580)
	at java.base/java.util.ArrayList.forEach(ArrayList.java:1596)
	at java.base/java.util.ArrayList.forEach(ArrayList.java:1596)
]]></failure>
  </testcase>
  <testcase name="TestTransfer_DailyLimitExceeded" classname="com.gdb.tests.services.TransactionServiceTest" time="0.018">
    <failure message="Expected com.gdb.exceptions.DailyTransferLimitExceededException to be thrown, but nothing was thrown." type="org.opentest4j.AssertionFailedError"><![CDATA[org.opentest4j.AssertionFailedError: Expected com.gdb.exceptions.DailyTransferLimitExceededException to be thrown, but nothing was thrown.
	at org.junit.jupiter.api.AssertionFailureBuilder.build(AssertionFailureBuilder.java:152)
	at org.junit.jupiter.api.AssertThrows.assertThrows(AssertThrows.java:73)
	at org.junit.jupiter.api.AssertThrows.assertThrows(AssertThrows.java:35)
	at org.junit.jupiter.api.Assertions.assertThrows(Assertions.java:3128)
	at com.gdb.tests.services.TransactionServiceTest.TestTransfer_DailyLimitExceeded(TransactionServiceTest.java:153)
	at java.base/java.lang.reflect.Method.invoke(Method.java:580)
	at java.base/java.util.ArrayList.forEach(ArrayList.java:1596)
	at java.base/java.util.ArrayList.forEach(ArrayList.java:1596)
]]></failure>
  </testcase>
  <testcase name="TestWithdraw_IncorrectPin" classname="com.gdb.tests.services.TransactionServiceTest" time="0.015">
    <failure message="Expected com.gdb.exceptions.IncorrectPinNumberException to be thrown, but nothing was thrown." type="org.opentest4j.AssertionFailedError"><![CDATA[org.opentest4j.AssertionFailedError: Expected com.gdb.exceptions.IncorrectPinNumberException to be thrown, but nothing was thrown.
	at org.junit.jupiter.api.AssertionFailureBuilder.build(AssertionFailureBuilder.java:152)
	at org.junit.jupiter.api.AssertThrows.assertThrows(AssertThrows.java:73)
	at org.junit.jupiter.api.AssertThrows.assertThrows(AssertThrows.java:35)
	at org.junit.jupiter.api.Assertions.assertThrows(Assertions.java:3128)
	at com.gdb.tests.services.TransactionServiceTest.TestWithdraw_IncorrectPin(TransactionServiceTest.java:212)
	at java.base/java.lang.reflect.Method.invoke(Method.java:580)
	at java.base/java.util.ArrayList.forEach(ArrayList.java:1596)
	at java.base/java.util.ArrayList.forEach(ArrayList.java:1596)
]]></failure>
  </testcase>
  <testcase name="TestCheckTransferLimit_OverLimit" classname="com.gdb.tests.services.TransactionServiceTest" time="0.015"/>
  <testcase name="TestDeposit_AccountNotFound" classname="com.gdb.tests.services.TransactionServiceTest" time="0.015">
    <failure message="Expected com.gdb.exceptions.AccountRecordNotFoundException to be thrown, but nothing was thrown." type="org.opentest4j.AssertionFailedError"><![CDATA[org.opentest4j.AssertionFailedError: Expected com.gdb.exceptions.AccountRecordNotFoundException to be thrown, but nothing was thrown.
	at org.junit.jupiter.api.AssertionFailureBuilder.build(AssertionFailureBuilder.java:152)
	at org.junit.jupiter.api.AssertThrows.assertThrows(AssertThrows.java:73)
	at org.junit.jupiter.api.AssertThrows.assertThrows(AssertThrows.java:35)
	at org.junit.jupiter.api.Assertions.assertThrows(Assertions.java:3128)
	at com.gdb.tests.services.TransactionServiceTest.TestDeposit_AccountNotFound(TransactionServiceTest.java:384)
	at java.base/java.lang.reflect.Method.invoke(Method.java:580)
	at java.base/java.util.ArrayList.forEach(ArrayList.java:1596)
	at java.base/java.util.ArrayList.forEach(ArrayList.java:1596)
]]></failure>
  </testcase>
  <testcase name="TestTransfer_ToAccountNotFound" classname="com.gdb.tests.services.TransactionServiceTest" time="0.012">
    <failure message="Expected com.gdb.exceptions.AccountRecordNotFoundException to be thrown, but nothing was thrown." type="org.opentest4j.AssertionFailedError"><![CDATA[org.opentest4j.AssertionFailedError: Expected com.gdb.exceptions.AccountRecordNotFoundException to be thrown, but nothing was thrown.
	at org.junit.jupiter.api.AssertionFailureBuilder.build(AssertionFailureBuilder.java:152)
	at org.junit.jupiter.api.AssertThrows.assertThrows(AssertThrows.java:73)
	at org.junit.jupiter.api.AssertThrows.assertThrows(AssertThrows.java:35)
	at org.junit.jupiter.api.Assertions.assertThrows(Assertions.java:3128)
	at com.gdb.tests.services.TransactionServiceTest.TestTransfer_ToAccountNotFound(TransactionServiceTest.java:98)
	at java.base/java.lang.reflect.Method.invoke(Method.java:580)
	at java.base/java.util.ArrayList.forEach(ArrayList.java:1596)
	at java.base/java.util.ArrayList.forEach(ArrayList.java:1596)
]]></failure>
  </testcase>
  <testcase name="TestCheckSufficientFunds_NotEnough" classname="com.gdb.tests.services.TransactionServiceTest" time="0.011"/>
</testsuite>